<?xml version="1.0" encoding="UTF-8"?>
<testsuite xmlns:xsi="http://www.w3.org/2001/XMLSchema-instance" xsi:noNamespaceSchemaLocation="https://maven.apache.org/surefire/maven-surefire-plugin/xsd/surefire-test-report.xsd" name="com.iaven.AppTest" time="0.068" tests="1" errors="0" skipped="0" failures="0">
  <properties>
    <property name="sun.desktop" value="windows"/>
    <property name="awt.toolkit" value="sun.awt.windows.WToolkit"/>
    <property name="file.encoding.pkg" value="sun.io"/>
    <property name="java.specification.version" value="1.8"/>
    <property name="sun.cpu.isalist" value="amd64"/>
    <property name="sun.jnu.encoding" value="GBK"/>
    <property name="java.class.path" value="C:\Users\FUBOFENG\Desktop\me\javaEE\trans\springcloud-main\springcloud-gateway\target\test-classes;C:\Users\FUBOFENG\Desktop\me\javaEE\trans\springcloud-main\springcloud-gateway\target\classes;C:\Users\FUBOFENG\.m2\repository\junit\junit\4.13.2\junit-4.13.2.jar;C:\Users\FUBOFENG\.m2\repository\org\hamcrest\hamcrest-core\2.2\hamcrest-core-2.2.jar;C:\Users\FUBOFENG\.m2\repository\org\hamcrest\hamcrest\2.2\hamcrest-2.2.jar;C:\Users\FUBOFENG\.m2\repository\org\springframework\cloud\spring-cloud-starter-gateway\3.1.2\spring-cloud-starter-gateway-3.1.2.jar;C:\Users\FUBOFENG\.m2\repository\org\springframework\cloud\spring-cloud-starter\3.1.3\spring-cloud-starter-3.1.3.jar;C:\Users\FUBOFENG\.m2\repository\org\springframework\cloud\spring-cloud-context\3.1.3\spring-cloud-context-3.1.3.jar;C:\Users\FUBOFENG\.m2\repository\org\springframework\security\spring-security-rsa\1.0.10.RELEASE\spring-security-rsa-1.0.10.RELEASE.jar;C:\Users\FUBOFENG\.m2\repository\org\bouncycastle\bcpkix-jdk15on\1.68\bcpkix-jdk15on-1.68.jar;C:\Users\FUBOFENG\.m2\repository\org\bouncycastle\bcprov-jdk15on\1.68\bcprov-jdk15on-1.68.jar;C:\Users\FUBOFENG\.m2\repository\org\springframework\cloud\spring-cloud-gateway-server\3.1.3\spring-cloud-gateway-server-3.1.3.jar;C:\Users\FUBOFENG\.m2\repository\org\springframework\boot\spring-boot-starter-validation\2.6.7\spring-boot-starter-validation-2.6.7.jar;C:\Users\FUBOFENG\.m2\repository\org\apache\tomcat\embed\tomcat-embed-el\9.0.62\tomcat-embed-el-9.0.62.jar;C:\Users\FUBOFENG\.m2\repository\org\hibernate\validator\hibernate-validator\6.2.3.Final\hibernate-validator-6.2.3.Final.jar;C:\Users\FUBOFENG\.m2\repository\jakarta\validation\jakarta.validation-api\2.0.2\jakarta.validation-api-2.0.2.jar;C:\Users\FUBOFENG\.m2\repository\org\jboss\logging\jboss-logging\3.4.3.Final\jboss-logging-3.4.3.Final.jar;C:\Users\FUBOFENG\.m2\repository\com\fasterxml\classmate\1.5.1\classmate-1.5.1.jar;C:\Users\FUBOFENG\.m2\repository\io\projectreactor\addons\reactor-extra\3.4.8\reactor-extra-3.4.8.jar;C:\Users\FUBOFENG\.m2\repository\org\springframework\boot\spring-boot-devtools\2.6.7\spring-boot-devtools-2.6.7.jar;C:\Users\FUBOFENG\.m2\repository\org\springframework\boot\spring-boot\2.6.7\spring-boot-2.6.7.jar;C:\Users\FUBOFENG\.m2\repository\org\springframework\spring-core\5.3.19\spring-core-5.3.19.jar;C:\Users\FUBOFENG\.m2\repository\org\springframework\spring-jcl\5.3.19\spring-jcl-5.3.19.jar;C:\Users\FUBOFENG\.m2\repository\org\springframework\spring-context\5.3.19\spring-context-5.3.19.jar;C:\Users\FUBOFENG\.m2\repository\org\springframework\spring-aop\5.3.19\spring-aop-5.3.19.jar;C:\Users\FUBOFENG\.m2\repository\org\springframework\spring-expression\5.3.19\spring-expression-5.3.19.jar;C:\Users\FUBOFENG\.m2\repository\org\springframework\boot\spring-boot-autoconfigure\2.6.7\spring-boot-autoconfigure-2.6.7.jar;C:\Users\FUBOFENG\.m2\repository\org\projectlombok\lombok\1.18.24\lombok-1.18.24.jar;C:\Users\FUBOFENG\.m2\repository\org\springframework\boot\spring-boot-starter-webflux\2.6.7\spring-boot-starter-webflux-2.6.7.jar;C:\Users\FUBOFENG\.m2\repository\org\springframework\boot\spring-boot-starter\2.6.7\spring-boot-starter-2.6.7.jar;C:\Users\FUBOFENG\.m2\repository\org\springframework\boot\spring-boot-starter-logging\2.6.7\spring-boot-starter-logging-2.6.7.jar;C:\Users\FUBOFENG\.m2\repository\ch\qos\logback\logback-classic\1.2.11\logback-classic-1.2.11.jar;C:\Users\FUBOFENG\.m2\repository\ch\qos\logback\logback-core\1.2.11\logback-core-1.2.11.jar;C:\Users\FUBOFENG\.m2\repository\org\apache\logging\log4j\log4j-to-slf4j\2.17.2\log4j-to-slf4j-2.17.2.jar;C:\Users\FUBOFENG\.m2\repository\org\apache\logging\log4j\log4j-api\2.17.2\log4j-api-2.17.2.jar;C:\Users\FUBOFENG\.m2\repository\org\slf4j\jul-to-slf4j\1.7.36\jul-to-slf4j-1.7.36.jar;C:\Users\FUBOFENG\.m2\repository\jakarta\annotation\jakarta.annotation-api\1.3.5\jakarta.annotation-api-1.3.5.jar;C:\Users\FUBOFENG\.m2\repository\org\yaml\snakeyaml\1.29\snakeyaml-1.29.jar;C:\Users\FUBOFENG\.m2\repository\org\springframework\boot\spring-boot-starter-json\2.6.7\spring-boot-starter-json-2.6.7.jar;C:\Users\FUBOFENG\.m2\repository\com\fasterxml\jackson\core\jackson-databind\2.13.2.1\jackson-databind-2.13.2.1.jar;C:\Users\FUBOFENG\.m2\repository\com\fasterxml\jackson\datatype\jackson-datatype-jdk8\2.13.2\jackson-datatype-jdk8-2.13.2.jar;C:\Users\FUBOFENG\.m2\repository\com\fasterxml\jackson\datatype\jackson-datatype-jsr310\2.13.2\jackson-datatype-jsr310-2.13.2.jar;C:\Users\FUBOFENG\.m2\repository\com\fasterxml\jackson\module\jackson-module-parameter-names\2.13.2\jackson-module-parameter-names-2.13.2.jar;C:\Users\FUBOFENG\.m2\repository\org\springframework\boot\spring-boot-starter-reactor-netty\2.6.7\spring-boot-starter-reactor-netty-2.6.7.jar;C:\Users\FUBOFENG\.m2\repository\io\projectreactor\netty\reactor-netty-http\1.0.18\reactor-netty-http-1.0.18.jar;C:\Users\FUBOFENG\.m2\repository\io\netty\netty-codec-http\4.1.76.Final\netty-codec-http-4.1.76.Final.jar;C:\Users\FUBOFENG\.m2\repository\io\netty\netty-buffer\4.1.76.Final\netty-buffer-4.1.76.Final.jar;C:\Users\FUBOFENG\.m2\repository\io\netty\netty-codec\4.1.76.Final\netty-codec-4.1.76.Final.jar;C:\Users\FUBOFENG\.m2\repository\io\netty\netty-codec-http2\4.1.76.Final\netty-codec-http2-4.1.76.Final.jar;C:\Users\FUBOFENG\.m2\repository\io\netty\netty-resolver-dns\4.1.76.Final\netty-resolver-dns-4.1.76.Final.jar;C:\Users\FUBOFENG\.m2\repository\io\netty\netty-resolver\4.1.76.Final\netty-resolver-4.1.76.Final.jar;C:\Users\FUBOFENG\.m2\repository\io\netty\netty-codec-dns\4.1.76.Final\netty-codec-dns-4.1.76.Final.jar;C:\Users\FUBOFENG\.m2\repository\io\netty\netty-resolver-dns-native-macos\4.1.76.Final\netty-resolver-dns-native-macos-4.1.76.Final-osx-x86_64.jar;C:\Users\FUBOFENG\.m2\repository\io\netty\netty-resolver-dns-classes-macos\4.1.76.Final\netty-resolver-dns-classes-macos-4.1.76.Final.jar;C:\Users\FUBOFENG\.m2\repository\io\netty\netty-transport-native-epoll\4.1.76.Final\netty-transport-native-epoll-4.1.76.Final-linux-x86_64.jar;C:\Users\FUBOFENG\.m2\repository\io\netty\netty-transport-native-unix-common\4.1.76.Final\netty-transport-native-unix-common-4.1.76.Final.jar;C:\Users\FUBOFENG\.m2\repository\io\netty\netty-transport-classes-epoll\4.1.76.Final\netty-transport-classes-epoll-4.1.76.Final.jar;C:\Users\FUBOFENG\.m2\repository\io\projectreactor\netty\reactor-netty-core\1.0.18\reactor-netty-core-1.0.18.jar;C:\Users\FUBOFENG\.m2\repository\io\netty\netty-handler-proxy\4.1.76.Final\netty-handler-proxy-4.1.76.Final.jar;C:\Users\FUBOFENG\.m2\repository\io\netty\netty-codec-socks\4.1.76.Final\netty-codec-socks-4.1.76.Final.jar;C:\Users\FUBOFENG\.m2\repository\org\springframework\spring-web\5.3.19\spring-web-5.3.19.jar;C:\Users\FUBOFENG\.m2\repository\org\springframework\spring-beans\5.3.19\spring-beans-5.3.19.jar;C:\Users\FUBOFENG\.m2\repository\org\springframework\spring-webflux\5.3.19\spring-webflux-5.3.19.jar;C:\Users\FUBOFENG\.m2\repository\io\projectreactor\reactor-core\3.4.17\reactor-core-3.4.17.jar;C:\Users\FUBOFENG\.m2\repository\org\reactivestreams\reactive-streams\1.0.3\reactive-streams-1.0.3.jar;C:\Users\FUBOFENG\.m2\repository\org\springframework\cloud\spring-cloud-starter-openfeign\3.1.3\spring-cloud-starter-openfeign-3.1.3.jar;C:\Users\FUBOFENG\.m2\repository\org\springframework\cloud\spring-cloud-openfeign-core\3.1.3\spring-cloud-openfeign-core-3.1.3.jar;C:\Users\FUBOFENG\.m2\repository\org\springframework\boot\spring-boot-starter-aop\2.6.7\spring-boot-starter-aop-2.6.7.jar;C:\Users\FUBOFENG\.m2\repository\org\aspectj\aspectjweaver\1.9.7\aspectjweaver-1.9.7.jar;C:\Users\FUBOFENG\.m2\repository\io\github\openfeign\form\feign-form-spring\3.8.0\feign-form-spring-3.8.0.jar;C:\Users\FUBOFENG\.m2\repository\io\github\openfeign\form\feign-form\3.8.0\feign-form-3.8.0.jar;C:\Users\FUBOFENG\.m2\repository\commons-fileupload\commons-fileupload\1.4\commons-fileupload-1.4.jar;C:\Users\FUBOFENG\.m2\repository\commons-io\commons-io\2.2\commons-io-2.2.jar;C:\Users\FUBOFENG\.m2\repository\org\springframework\cloud\spring-cloud-commons\3.1.3\spring-cloud-commons-3.1.3.jar;C:\Users\FUBOFENG\.m2\repository\org\springframework\security\spring-security-crypto\5.6.3\spring-security-crypto-5.6.3.jar;C:\Users\FUBOFENG\.m2\repository\io\github\openfeign\feign-core\11.8\feign-core-11.8.jar;C:\Users\FUBOFENG\.m2\repository\io\github\openfeign\feign-slf4j\11.8\feign-slf4j-11.8.jar;C:\Users\FUBOFENG\.m2\repository\org\slf4j\slf4j-api\1.7.36\slf4j-api-1.7.36.jar;C:\Users\FUBOFENG\.m2\repository\org\springframework\cloud\spring-cloud-starter-netflix-eureka-client\3.1.3\spring-cloud-starter-netflix-eureka-client-3.1.3.jar;C:\Users\FUBOFENG\.m2\repository\org\springframework\cloud\spring-cloud-netflix-eureka-client\3.1.3\spring-cloud-netflix-eureka-client-3.1.3.jar;C:\Users\FUBOFENG\.m2\repository\com\netflix\eureka\eureka-client\1.10.17\eureka-client-1.10.17.jar;C:\Users\FUBOFENG\.m2\repository\com\netflix\netflix-commons\netflix-eventbus\0.3.0\netflix-eventbus-0.3.0.jar;C:\Users\FUBOFENG\.m2\repository\com\netflix\netflix-commons\netflix-infix\0.3.0\netflix-infix-0.3.0.jar;C:\Users\FUBOFENG\.m2\repository\commons-jxpath\commons-jxpath\1.3\commons-jxpath-1.3.jar;C:\Users\FUBOFENG\.m2\repository\joda-time\joda-time\2.3\joda-time-2.3.jar;C:\Users\FUBOFENG\.m2\repository\org\antlr\antlr-runtime\3.4\antlr-runtime-3.4.jar;C:\Users\FUBOFENG\.m2\repository\org\antlr\stringtemplate\3.2.1\stringtemplate-3.2.1.jar;C:\Users\FUBOFENG\.m2\repository\antlr\antlr\2.7.7\antlr-2.7.7.jar;C:\Users\FUBOFENG\.m2\repository\com\google\code\gson\gson\2.8.9\gson-2.8.9.jar;C:\Users\FUBOFENG\.m2\repository\org\apache\commons\commons-math\2.2\commons-math-2.2.jar;C:\Users\FUBOFENG\.m2\repository\com\thoughtworks\xstream\xstream\1.4.18\xstream-1.4.18.jar;C:\Users\FUBOFENG\.m2\repository\io\github\x-stream\mxparser\1.2.2\mxparser-1.2.2.jar;C:\Users\FUBOFENG\.m2\repository\xmlpull\xmlpull\1.1.3.1\xmlpull-1.1.3.1.jar;C:\Users\FUBOFENG\.m2\repository\javax\ws\rs\jsr311-api\1.1.1\jsr311-api-1.1.1.jar;C:\Users\FUBOFENG\.m2\repository\com\netflix\servo\servo-core\0.12.21\servo-core-0.12.21.jar;C:\Users\FUBOFENG\.m2\repository\com\google\guava\guava\19.0\guava-19.0.jar;C:\Users\FUBOFENG\.m2\repository\org\apache\httpcomponents\httpclient\4.5.13\httpclient-4.5.13.jar;C:\Users\FUBOFENG\.m2\repository\org\apache\httpcomponents\httpcore\4.4.15\httpcore-4.4.15.jar;C:\Users\FUBOFENG\.m2\repository\commons-codec\commons-codec\1.15\commons-codec-1.15.jar;C:\Users\FUBOFENG\.m2\repository\commons-configuration\commons-configuration\1.10\commons-configuration-1.10.jar;C:\Users\FUBOFENG\.m2\repository\commons-lang\commons-lang\2.6\commons-lang-2.6.jar;C:\Users\FUBOFENG\.m2\repository\com\google\inject\guice\4.1.0\guice-4.1.0.jar;C:\Users\FUBOFENG\.m2\repository\javax\inject\javax.inject\1\javax.inject-1.jar;C:\Users\FUBOFENG\.m2\repository\com\fasterxml\jackson\core\jackson-annotations\2.13.2\jackson-annotations-2.13.2.jar;C:\Users\FUBOFENG\.m2\repository\com\fasterxml\jackson\core\jackson-core\2.13.2\jackson-core-2.13.2.jar;C:\Users\FUBOFENG\.m2\repository\org\codehaus\jettison\jettison\1.4.0\jettison-1.4.0.jar;C:\Users\FUBOFENG\.m2\repository\com\netflix\eureka\eureka-core\1.10.17\eureka-core-1.10.17.jar;C:\Users\FUBOFENG\.m2\repository\com\fasterxml\woodstox\woodstox-core\6.2.1\woodstox-core-6.2.1.jar;C:\Users\FUBOFENG\.m2\repository\org\codehaus\woodstox\stax2-api\4.2.1\stax2-api-4.2.1.jar;C:\Users\FUBOFENG\.m2\repository\org\springframework\cloud\spring-cloud-starter-loadbalancer\3.1.3\spring-cloud-starter-loadbalancer-3.1.3.jar;C:\Users\FUBOFENG\.m2\repository\org\springframework\cloud\spring-cloud-loadbalancer\3.1.3\spring-cloud-loadbalancer-3.1.3.jar;C:\Users\FUBOFENG\.m2\repository\org\springframework\boot\spring-boot-starter-cache\2.6.7\spring-boot-starter-cache-2.6.7.jar;C:\Users\FUBOFENG\.m2\repository\org\springframework\spring-context-support\5.3.19\spring-context-support-5.3.19.jar;C:\Users\FUBOFENG\.m2\repository\com\stoyanr\evictor\1.0.0\evictor-1.0.0.jar;C:\Users\FUBOFENG\.m2\repository\com\alibaba\fastjson\1.2.47\fastjson-1.2.47.jar;C:\Users\FUBOFENG\.m2\repository\org\springframework\boot\spring-boot-starter-data-redis-reactive\2.1.3.RELEASE\spring-boot-starter-data-redis-reactive-2.1.3.RELEASE.jar;C:\Users\FUBOFENG\.m2\repository\org\springframework\boot\spring-boot-starter-data-redis\2.6.7\spring-boot-starter-data-redis-2.6.7.jar;C:\Users\FUBOFENG\.m2\repository\org\springframework\data\spring-data-redis\2.6.4\spring-data-redis-2.6.4.jar;C:\Users\FUBOFENG\.m2\repository\org\springframework\data\spring-data-keyvalue\2.6.4\spring-data-keyvalue-2.6.4.jar;C:\Users\FUBOFENG\.m2\repository\org\springframework\data\spring-data-commons\2.6.4\spring-data-commons-2.6.4.jar;C:\Users\FUBOFENG\.m2\repository\org\springframework\spring-tx\5.3.19\spring-tx-5.3.19.jar;C:\Users\FUBOFENG\.m2\repository\org\springframework\spring-oxm\5.3.19\spring-oxm-5.3.19.jar;C:\Users\FUBOFENG\.m2\repository\io\lettuce\lettuce-core\6.1.8.RELEASE\lettuce-core-6.1.8.RELEASE.jar;C:\Users\FUBOFENG\.m2\repository\io\netty\netty-common\4.1.76.Final\netty-common-4.1.76.Final.jar;C:\Users\FUBOFENG\.m2\repository\io\netty\netty-handler\4.1.76.Final\netty-handler-4.1.76.Final.jar;C:\Users\FUBOFENG\.m2\repository\io\netty\netty-transport\4.1.76.Final\netty-transport-4.1.76.Final.jar;C:\Users\FUBOFENG\.m2\repository\org\springframework\cloud\spring-cloud-starter-circuitbreaker-reactor-resilience4j\2.1.3\spring-cloud-starter-circuitbreaker-reactor-resilience4j-2.1.3.jar;C:\Users\FUBOFENG\.m2\repository\org\springframework\cloud\spring-cloud-circuitbreaker-resilience4j\2.1.3\spring-cloud-circuitbreaker-resilience4j-2.1.3.jar;C:\Users\FUBOFENG\.m2\repository\io\github\resilience4j\resilience4j-spring-boot2\1.7.0\resilience4j-spring-boot2-1.7.0.jar;C:\Users\FUBOFENG\.m2\repository\io\github\resilience4j\resilience4j-spring\1.7.0\resilience4j-spring-1.7.0.jar;C:\Users\FUBOFENG\.m2\repository\io\github\resilience4j\resilience4j-annotations\1.7.0\resilience4j-annotations-1.7.0.jar;C:\Users\FUBOFENG\.m2\repository\io\github\resilience4j\resilience4j-consumer\1.7.0\resilience4j-consumer-1.7.0.jar;C:\Users\FUBOFENG\.m2\repository\io\github\resilience4j\resilience4j-circularbuffer\1.7.0\resilience4j-circularbuffer-1.7.0.jar;C:\Users\FUBOFENG\.m2\repository\io\github\resilience4j\resilience4j-framework-common\1.7.0\resilience4j-framework-common-1.7.0.jar;C:\Users\FUBOFENG\.m2\repository\io\github\resilience4j\resilience4j-ratelimiter\1.7.0\resilience4j-ratelimiter-1.7.0.jar;C:\Users\FUBOFENG\.m2\repository\io\github\resilience4j\resilience4j-retry\1.7.0\resilience4j-retry-1.7.0.jar;C:\Users\FUBOFENG\.m2\repository\io\github\resilience4j\resilience4j-micrometer\1.7.0\resilience4j-micrometer-1.7.0.jar;C:\Users\FUBOFENG\.m2\repository\io\github\resilience4j\resilience4j-circuitbreaker\1.7.0\resilience4j-circuitbreaker-1.7.0.jar;C:\Users\FUBOFENG\.m2\repository\io\vavr\vavr\0.10.2\vavr-0.10.2.jar;C:\Users\FUBOFENG\.m2\repository\io\vavr\vavr-match\0.10.2\vavr-match-0.10.2.jar;C:\Users\FUBOFENG\.m2\repository\io\github\resilience4j\resilience4j-core\1.7.0\resilience4j-core-1.7.0.jar;C:\Users\FUBOFENG\.m2\repository\io\github\resilience4j\resilience4j-timelimiter\1.7.0\resilience4j-timelimiter-1.7.0.jar;C:\Users\FUBOFENG\.m2\repository\io\github\resilience4j\resilience4j-reactor\1.7.0\resilience4j-reactor-1.7.0.jar;"/>
    <property name="java.vm.vendor" value="Oracle Corporation"/>
    <property name="sun.arch.data.model" value="64"/>
    <property name="user.variant" value=""/>
    <property name="java.vendor.url" value="http://java.oracle.com/"/>
    <property name="user.timezone" value="Asia/Shanghai"/>
    <property name="java.vm.specification.version" value="1.8"/>
    <property name="os.name" value="Windows 10"/>
    <property name="user.country" value="CN"/>
    <property name="sun.java.launcher" value="SUN_STANDARD"/>
    <property name="sun.boot.library.path" value="D:\program files\Java\jdk-1.8\jre\bin"/>
    <property name="sun.java.command" value="C:\Users\FUBOFENG\AppData\Local\Temp\surefire2312554652017049763\surefirebooter6498514785678216724.jar C:\Users\FUBOFENG\AppData\Local\Temp\surefire2312554652017049763 2023-06-06T21-26-59_790-jvmRun1 surefire5812786704272546496tmp surefire_0283665636810650871tmp"/>
    <property name="surefire.test.class.path" value="C:\Users\FUBOFENG\Desktop\me\javaEE\trans\springcloud-main\springcloud-gateway\target\test-classes;C:\Users\FUBOFENG\Desktop\me\javaEE\trans\springcloud-main\springcloud-gateway\target\classes;C:\Users\FUBOFENG\.m2\repository\junit\junit\4.13.2\junit-4.13.2.jar;C:\Users\FUBOFENG\.m2\repository\org\hamcrest\hamcrest-core\2.2\hamcrest-core-2.2.jar;C:\Users\FUBOFENG\.m2\repository\org\hamcrest\hamcrest\2.2\hamcrest-2.2.jar;C:\Users\FUBOFENG\.m2\repository\org\springframework\cloud\spring-cloud-starter-gateway\3.1.2\spring-cloud-starter-gateway-3.1.2.jar;C:\Users\FUBOFENG\.m2\repository\org\springframework\cloud\spring-cloud-starter\3.1.3\spring-cloud-starter-3.1.3.jar;C:\Users\FUBOFENG\.m2\repository\org\springframework\cloud\spring-cloud-context\3.1.3\spring-cloud-context-3.1.3.jar;C:\Users\FUBOFENG\.m2\repository\org\springframework\security\spring-security-rsa\1.0.10.RELEASE\spring-security-rsa-1.0.10.RELEASE.jar;C:\Users\FUBOFENG\.m2\repository\org\bouncycastle\bcpkix-jdk15on\1.68\bcpkix-jdk15on-1.68.jar;C:\Users\FUBOFENG\.m2\repository\org\bouncycastle\bcprov-jdk15on\1.68\bcprov-jdk15on-1.68.jar;C:\Users\FUBOFENG\.m2\repository\org\springframework\cloud\spring-cloud-gateway-server\3.1.3\spring-cloud-gateway-server-3.1.3.jar;C:\Users\FUBOFENG\.m2\repository\org\springframework\boot\spring-boot-starter-validation\2.6.7\spring-boot-starter-validation-2.6.7.jar;C:\Users\FUBOFENG\.m2\repository\org\apache\tomcat\embed\tomcat-embed-el\9.0.62\tomcat-embed-el-9.0.62.jar;C:\Users\FUBOFENG\.m2\repository\org\hibernate\validator\hibernate-validator\6.2.3.Final\hibernate-validator-6.2.3.Final.jar;C:\Users\FUBOFENG\.m2\repository\jakarta\validation\jakarta.validation-api\2.0.2\jakarta.validation-api-2.0.2.jar;C:\Users\FUBOFENG\.m2\repository\org\jboss\logging\jboss-logging\3.4.3.Final\jboss-logging-3.4.3.Final.jar;C:\Users\FUBOFENG\.m2\repository\com\fasterxml\classmate\1.5.1\classmate-1.5.1.jar;C:\Users\FUBOFENG\.m2\repository\io\projectreactor\addons\reactor-extra\3.4.8\reactor-extra-3.4.8.jar;C:\Users\FUBOFENG\.m2\repository\org\springframework\boot\spring-boot-devtools\2.6.7\spring-boot-devtools-2.6.7.jar;C:\Users\FUBOFENG\.m2\repository\org\springframework\boot\spring-boot\2.6.7\spring-boot-2.6.7.jar;C:\Users\FUBOFENG\.m2\repository\org\springframework\spring-core\5.3.19\spring-core-5.3.19.jar;C:\Users\FUBOFENG\.m2\repository\org\springframework\spring-jcl\5.3.19\spring-jcl-5.3.19.jar;C:\Users\FUBOFENG\.m2\repository\org\springframework\spring-context\5.3.19\spring-context-5.3.19.jar;C:\Users\FUBOFENG\.m2\repository\org\springframework\spring-aop\5.3.19\spring-aop-5.3.19.jar;C:\Users\FUBOFENG\.m2\repository\org\springframework\spring-expression\5.3.19\spring-expression-5.3.19.jar;C:\Users\FUBOFENG\.m2\repository\org\springframework\boot\spring-boot-autoconfigure\2.6.7\spring-boot-autoconfigure-2.6.7.jar;C:\Users\FUBOFENG\.m2\repository\org\projectlombok\lombok\1.18.24\lombok-1.18.24.jar;C:\Users\FUBOFENG\.m2\repository\org\springframework\boot\spring-boot-starter-webflux\2.6.7\spring-boot-starter-webflux-2.6.7.jar;C:\Users\FUBOFENG\.m2\repository\org\springframework\boot\spring-boot-starter\2.6.7\spring-boot-starter-2.6.7.jar;C:\Users\FUBOFENG\.m2\repository\org\springframework\boot\spring-boot-starter-logging\2.6.7\spring-boot-starter-logging-2.6.7.jar;C:\Users\FUBOFENG\.m2\repository\ch\qos\logback\logback-classic\1.2.11\logback-classic-1.2.11.jar;C:\Users\FUBOFENG\.m2\repository\ch\qos\logback\logback-core\1.2.11\logback-core-1.2.11.jar;C:\Users\FUBOFENG\.m2\repository\org\apache\logging\log4j\log4j-to-slf4j\2.17.2\log4j-to-slf4j-2.17.2.jar;C:\Users\FUBOFENG\.m2\repository\org\apache\logging\log4j\log4j-api\2.17.2\log4j-api-2.17.2.jar;C:\Users\FUBOFENG\.m2\repository\org\slf4j\jul-to-slf4j\1.7.36\jul-to-slf4j-1.7.36.jar;C:\Users\FUBOFENG\.m2\repository\jakarta\annotation\jakarta.annotation-api\1.3.5\jakarta.annotation-api-1.3.5.jar;C:\Users\FUBOFENG\.m2\repository\org\yaml\snakeyaml\1.29\snakeyaml-1.29.jar;C:\Users\FUBOFENG\.m2\repository\org\springframework\boot\spring-boot-starter-json\2.6.7\spring-boot-starter-json-2.6.7.jar;C:\Users\FUBOFENG\.m2\repository\com\fasterxml\jackson\core\jackson-databind\2.13.2.1\jackson-databind-2.13.2.1.jar;C:\Users\FUBOFENG\.m2\repository\com\fasterxml\jackson\datatype\jackson-datatype-jdk8\2.13.2\jackson-datatype-jdk8-2.13.2.jar;C:\Users\FUBOFENG\.m2\repository\com\fasterxml\jackson\datatype\jackson-datatype-jsr310\2.13.2\jackson-datatype-jsr310-2.13.2.jar;C:\Users\FUBOFENG\.m2\repository\com\fasterxml\jackson\module\jackson-module-parameter-names\2.13.2\jackson-module-parameter-names-2.13.2.jar;C:\Users\FUBOFENG\.m2\repository\org\springframework\boot\spring-boot-starter-reactor-netty\2.6.7\spring-boot-starter-reactor-netty-2.6.7.jar;C:\Users\FUBOFENG\.m2\repository\io\projectreactor\netty\reactor-netty-http\1.0.18\reactor-netty-http-1.0.18.jar;C:\Users\FUBOFENG\.m2\repository\io\netty\netty-codec-http\4.1.76.Final\netty-codec-http-4.1.76.Final.jar;C:\Users\FUBOFENG\.m2\repository\io\netty\netty-buffer\4.1.76.Final\netty-buffer-4.1.76.Final.jar;C:\Users\FUBOFENG\.m2\repository\io\netty\netty-codec\4.1.76.Final\netty-codec-4.1.76.Final.jar;C:\Users\FUBOFENG\.m2\repository\io\netty\netty-codec-http2\4.1.76.Final\netty-codec-http2-4.1.76.Final.jar;C:\Users\FUBOFENG\.m2\repository\io\netty\netty-resolver-dns\4.1.76.Final\netty-resolver-dns-4.1.76.Final.jar;C:\Users\FUBOFENG\.m2\repository\io\netty\netty-resolver\4.1.76.Final\netty-resolver-4.1.76.Final.jar;C:\Users\FUBOFENG\.m2\repository\io\netty\netty-codec-dns\4.1.76.Final\netty-codec-dns-4.1.76.Final.jar;C:\Users\FUBOFENG\.m2\repository\io\netty\netty-resolver-dns-native-macos\4.1.76.Final\netty-resolver-dns-native-macos-4.1.76.Final-osx-x86_64.jar;C:\Users\FUBOFENG\.m2\repository\io\netty\netty-resolver-dns-classes-macos\4.1.76.Final\netty-resolver-dns-classes-macos-4.1.76.Final.jar;C:\Users\FUBOFENG\.m2\repository\io\netty\netty-transport-native-epoll\4.1.76.Final\netty-transport-native-epoll-4.1.76.Final-linux-x86_64.jar;C:\Users\FUBOFENG\.m2\repository\io\netty\netty-transport-native-unix-common\4.1.76.Final\netty-transport-native-unix-common-4.1.76.Final.jar;C:\Users\FUBOFENG\.m2\repository\io\netty\netty-transport-classes-epoll\4.1.76.Final\netty-transport-classes-epoll-4.1.76.Final.jar;C:\Users\FUBOFENG\.m2\repository\io\projectreactor\netty\reactor-netty-core\1.0.18\reactor-netty-core-1.0.18.jar;C:\Users\FUBOFENG\.m2\repository\io\netty\netty-handler-proxy\4.1.76.Final\netty-handler-proxy-4.1.76.Final.jar;C:\Users\FUBOFENG\.m2\repository\io\netty\netty-codec-socks\4.1.76.Final\netty-codec-socks-4.1.76.Final.jar;C:\Users\FUBOFENG\.m2\repository\org\springframework\spring-web\5.3.19\spring-web-5.3.19.jar;C:\Users\FUBOFENG\.m2\repository\org\springframework\spring-beans\5.3.19\spring-beans-5.3.19.jar;C:\Users\FUBOFENG\.m2\repository\org\springframework\spring-webflux\5.3.19\spring-webflux-5.3.19.jar;C:\Users\FUBOFENG\.m2\repository\io\projectreactor\reactor-core\3.4.17\reactor-core-3.4.17.jar;C:\Users\FUBOFENG\.m2\repository\org\reactivestreams\reactive-streams\1.0.3\reactive-streams-1.0.3.jar;C:\Users\FUBOFENG\.m2\repository\org\springframework\cloud\spring-cloud-starter-openfeign\3.1.3\spring-cloud-starter-openfeign-3.1.3.jar;C:\Users\FUBOFENG\.m2\repository\org\springframework\cloud\spring-cloud-openfeign-core\3.1.3\spring-cloud-openfeign-core-3.1.3.jar;C:\Users\FUBOFENG\.m2\repository\org\springframework\boot\spring-boot-starter-aop\2.6.7\spring-boot-starter-aop-2.6.7.jar;C:\Users\FUBOFENG\.m2\repository\org\aspectj\aspectjweaver\1.9.7\aspectjweaver-1.9.7.jar;C:\Users\FUBOFENG\.m2\repository\io\github\openfeign\form\feign-form-spring\3.8.0\feign-form-spring-3.8.0.jar;C:\Users\FUBOFENG\.m2\repository\io\github\openfeign\form\feign-form\3.8.0\feign-form-3.8.0.jar;C:\Users\FUBOFENG\.m2\repository\commons-fileupload\commons-fileupload\1.4\commons-fileupload-1.4.jar;C:\Users\FUBOFENG\.m2\repository\commons-io\commons-io\2.2\commons-io-2.2.jar;C:\Users\FUBOFENG\.m2\repository\org\springframework\cloud\spring-cloud-commons\3.1.3\spring-cloud-commons-3.1.3.jar;C:\Users\FUBOFENG\.m2\repository\org\springframework\security\spring-security-crypto\5.6.3\spring-security-crypto-5.6.3.jar;C:\Users\FUBOFENG\.m2\repository\io\github\openfeign\feign-core\11.8\feign-core-11.8.jar;C:\Users\FUBOFENG\.m2\repository\io\github\openfeign\feign-slf4j\11.8\feign-slf4j-11.8.jar;C:\Users\FUBOFENG\.m2\repository\org\slf4j\slf4j-api\1.7.36\slf4j-api-1.7.36.jar;C:\Users\FUBOFENG\.m2\repository\org\springframework\cloud\spring-cloud-starter-netflix-eureka-client\3.1.3\spring-cloud-starter-netflix-eureka-client-3.1.3.jar;C:\Users\FUBOFENG\.m2\repository\org\springframework\cloud\spring-cloud-netflix-eureka-client\3.1.3\spring-cloud-netflix-eureka-client-3.1.3.jar;C:\Users\FUBOFENG\.m2\repository\com\netflix\eureka\eureka-client\1.10.17\eureka-client-1.10.17.jar;C:\Users\FUBOFENG\.m2\repository\com\netflix\netflix-commons\netflix-eventbus\0.3.0\netflix-eventbus-0.3.0.jar;C:\Users\FUBOFENG\.m2\repository\com\netflix\netflix-commons\netflix-infix\0.3.0\netflix-infix-0.3.0.jar;C:\Users\FUBOFENG\.m2\repository\commons-jxpath\commons-jxpath\1.3\commons-jxpath-1.3.jar;C:\Users\FUBOFENG\.m2\repository\joda-time\joda-time\2.3\joda-time-2.3.jar;C:\Users\FUBOFENG\.m2\repository\org\antlr\antlr-runtime\3.4\antlr-runtime-3.4.jar;C:\Users\FUBOFENG\.m2\repository\org\antlr\stringtemplate\3.2.1\stringtemplate-3.2.1.jar;C:\Users\FUBOFENG\.m2\repository\antlr\antlr\2.7.7\antlr-2.7.7.jar;C:\Users\FUBOFENG\.m2\repository\com\google\code\gson\gson\2.8.9\gson-2.8.9.jar;C:\Users\FUBOFENG\.m2\repository\org\apache\commons\commons-math\2.2\commons-math-2.2.jar;C:\Users\FUBOFENG\.m2\repository\com\thoughtworks\xstream\xstream\1.4.18\xstream-1.4.18.jar;C:\Users\FUBOFENG\.m2\repository\io\github\x-stream\mxparser\1.2.2\mxparser-1.2.2.jar;C:\Users\FUBOFENG\.m2\repository\xmlpull\xmlpull\1.1.3.1\xmlpull-1.1.3.1.jar;C:\Users\FUBOFENG\.m2\repository\javax\ws\rs\jsr311-api\1.1.1\jsr311-api-1.1.1.jar;C:\Users\FUBOFENG\.m2\repository\com\netflix\servo\servo-core\0.12.21\servo-core-0.12.21.jar;C:\Users\FUBOFENG\.m2\repository\com\google\guava\guava\19.0\guava-19.0.jar;C:\Users\FUBOFENG\.m2\repository\org\apache\httpcomponents\httpclient\4.5.13\httpclient-4.5.13.jar;C:\Users\FUBOFENG\.m2\repository\org\apache\httpcomponents\httpcore\4.4.15\httpcore-4.4.15.jar;C:\Users\FUBOFENG\.m2\repository\commons-codec\commons-codec\1.15\commons-codec-1.15.jar;C:\Users\FUBOFENG\.m2\repository\commons-configuration\commons-configuration\1.10\commons-configuration-1.10.jar;C:\Users\FUBOFENG\.m2\repository\commons-lang\commons-lang\2.6\commons-lang-2.6.jar;C:\Users\FUBOFENG\.m2\repository\com\google\inject\guice\4.1.0\guice-4.1.0.jar;C:\Users\FUBOFENG\.m2\repository\javax\inject\javax.inject\1\javax.inject-1.jar;C:\Users\FUBOFENG\.m2\repository\com\fasterxml\jackson\core\jackson-annotations\2.13.2\jackson-annotations-2.13.2.jar;C:\Users\FUBOFENG\.m2\repository\com\fasterxml\jackson\core\jackson-core\2.13.2\jackson-core-2.13.2.jar;C:\Users\FUBOFENG\.m2\repository\org\codehaus\jettison\jettison\1.4.0\jettison-1.4.0.jar;C:\Users\FUBOFENG\.m2\repository\com\netflix\eureka\eureka-core\1.10.17\eureka-core-1.10.17.jar;C:\Users\FUBOFENG\.m2\repository\com\fasterxml\woodstox\woodstox-core\6.2.1\woodstox-core-6.2.1.jar;C:\Users\FUBOFENG\.m2\repository\org\codehaus\woodstox\stax2-api\4.2.1\stax2-api-4.2.1.jar;C:\Users\FUBOFENG\.m2\repository\org\springframework\cloud\spring-cloud-starter-loadbalancer\3.1.3\spring-cloud-starter-loadbalancer-3.1.3.jar;C:\Users\FUBOFENG\.m2\repository\org\springframework\cloud\spring-cloud-loadbalancer\3.1.3\spring-cloud-loadbalancer-3.1.3.jar;C:\Users\FUBOFENG\.m2\repository\org\springframework\boot\spring-boot-starter-cache\2.6.7\spring-boot-starter-cache-2.6.7.jar;C:\Users\FUBOFENG\.m2\repository\org\springframework\spring-context-support\5.3.19\spring-context-support-5.3.19.jar;C:\Users\FUBOFENG\.m2\repository\com\stoyanr\evictor\1.0.0\evictor-1.0.0.jar;C:\Users\FUBOFENG\.m2\repository\com\alibaba\fastjson\1.2.47\fastjson-1.2.47.jar;C:\Users\FUBOFENG\.m2\repository\org\springframework\boot\spring-boot-starter-data-redis-reactive\2.1.3.RELEASE\spring-boot-starter-data-redis-reactive-2.1.3.RELEASE.jar;C:\Users\FUBOFENG\.m2\repository\org\springframework\boot\spring-boot-starter-data-redis\2.6.7\spring-boot-starter-data-redis-2.6.7.jar;C:\Users\FUBOFENG\.m2\repository\org\springframework\data\spring-data-redis\2.6.4\spring-data-redis-2.6.4.jar;C:\Users\FUBOFENG\.m2\repository\org\springframework\data\spring-data-keyvalue\2.6.4\spring-data-keyvalue-2.6.4.jar;C:\Users\FUBOFENG\.m2\repository\org\springframework\data\spring-data-commons\2.6.4\spring-data-commons-2.6.4.jar;C:\Users\FUBOFENG\.m2\repository\org\springframework\spring-tx\5.3.19\spring-tx-5.3.19.jar;C:\Users\FUBOFENG\.m2\repository\org\springframework\spring-oxm\5.3.19\spring-oxm-5.3.19.jar;C:\Users\FUBOFENG\.m2\repository\io\lettuce\lettuce-core\6.1.8.RELEASE\lettuce-core-6.1.8.RELEASE.jar;C:\Users\FUBOFENG\.m2\repository\io\netty\netty-common\4.1.76.Final\netty-common-4.1.76.Final.jar;C:\Users\FUBOFENG\.m2\repository\io\netty\netty-handler\4.1.76.Final\netty-handler-4.1.76.Final.jar;C:\Users\FUBOFENG\.m2\repository\io\netty\netty-transport\4.1.76.Final\netty-transport-4.1.76.Final.jar;C:\Users\FUBOFENG\.m2\repository\org\springframework\cloud\spring-cloud-starter-circuitbreaker-reactor-resilience4j\2.1.3\spring-cloud-starter-circuitbreaker-reactor-resilience4j-2.1.3.jar;C:\Users\FUBOFENG\.m2\repository\org\springframework\cloud\spring-cloud-circuitbreaker-resilience4j\2.1.3\spring-cloud-circuitbreaker-resilience4j-2.1.3.jar;C:\Users\FUBOFENG\.m2\repository\io\github\resilience4j\resilience4j-spring-boot2\1.7.0\resilience4j-spring-boot2-1.7.0.jar;C:\Users\FUBOFENG\.m2\repository\io\github\resilience4j\resilience4j-spring\1.7.0\resilience4j-spring-1.7.0.jar;C:\Users\FUBOFENG\.m2\repository\io\github\resilience4j\resilience4j-annotations\1.7.0\resilience4j-annotations-1.7.0.jar;C:\Users\FUBOFENG\.m2\repository\io\github\resilience4j\resilience4j-consumer\1.7.0\resilience4j-consumer-1.7.0.jar;C:\Users\FUBOFENG\.m2\repository\io\github\resilience4j\resilience4j-circularbuffer\1.7.0\resilience4j-circularbuffer-1.7.0.jar;C:\Users\FUBOFENG\.m2\repository\io\github\resilience4j\resilience4j-framework-common\1.7.0\resilience4j-framework-common-1.7.0.jar;C:\Users\FUBOFENG\.m2\repository\io\github\resilience4j\resilience4j-ratelimiter\1.7.0\resilience4j-ratelimiter-1.7.0.jar;C:\Users\FUBOFENG\.m2\repository\io\github\resilience4j\resilience4j-retry\1.7.0\resilience4j-retry-1.7.0.jar;C:\Users\FUBOFENG\.m2\repository\io\github\resilience4j\resilience4j-micrometer\1.7.0\resilience4j-micrometer-1.7.0.jar;C:\Users\FUBOFENG\.m2\repository\io\github\resilience4j\resilience4j-circuitbreaker\1.7.0\resilience4j-circuitbreaker-1.7.0.jar;C:\Users\FUBOFENG\.m2\repository\io\vavr\vavr\0.10.2\vavr-0.10.2.jar;C:\Users\FUBOFENG\.m2\repository\io\vavr\vavr-match\0.10.2\vavr-match-0.10.2.jar;C:\Users\FUBOFENG\.m2\repository\io\github\resilience4j\resilience4j-core\1.7.0\resilience4j-core-1.7.0.jar;C:\Users\FUBOFENG\.m2\repository\io\github\resilience4j\resilience4j-timelimiter\1.7.0\resilience4j-timelimiter-1.7.0.jar;C:\Users\FUBOFENG\.m2\repository\io\github\resilience4j\resilience4j-reactor\1.7.0\resilience4j-reactor-1.7.0.jar;"/>
    <property name="sun.cpu.endian" value="little"/>
    <property name="user.home" value="C:\Users\FUBOFENG"/>
    <property name="user.language" value="zh"/>
    <property name="java.specification.vendor" value="Oracle Corporation"/>
    <property name="java.home" value="D:\program files\Java\jdk-1.8\jre"/>
    <property name="basedir" value="C:\Users\FUBOFENG\Desktop\me\javaEE\trans\springcloud-main\springcloud-gateway"/>
    <property name="file.separator" value="\"/>
    <property name="line.separator" value="&#10;"/>
    <property name="java.vm.specification.vendor" value="Oracle Corporation"/>
    <property name="java.specification.name" value="Java Platform API Specification"/>
    <property name="java.awt.graphicsenv" value="sun.awt.Win32GraphicsEnvironment"/>
    <property name="surefire.real.class.path" value="C:\Users\FUBOFENG\AppData\Local\Temp\surefire2312554652017049763\surefirebooter6498514785678216724.jar"/>
    <property name="sun.boot.class.path" value="D:\program files\Java\jdk-1.8\jre\lib\resources.jar;D:\program files\Java\jdk-1.8\jre\lib\rt.jar;D:\program files\Java\jdk-1.8\jre\lib\jsse.jar;D:\program files\Java\jdk-1.8\jre\lib\jce.jar;D:\program files\Java\jdk-1.8\jre\lib\charsets.jar;D:\program files\Java\jdk-1.8\jre\lib\jfr.jar;D:\program files\Java\jdk-1.8\jre\classes"/>
    <property name="user.script" value=""/>
    <property name="sun.management.compiler" value="HotSpot 64-Bit Tiered Compilers"/>
    <property name="java.runtime.version" value="1.8.0_371-b11"/>
    <property name="user.name" value="FUBOFENG"/>
    <property name="path.separator" value=";"/>
    <property name="os.version" value="10.0"/>
    <property name="java.endorsed.dirs" value="D:\program files\Java\jdk-1.8\jre\lib\endorsed"/>
    <property name="java.runtime.name" value="Java(TM) SE Runtime Environment"/>
    <property name="file.encoding" value="GBK"/>
    <property name="java.vm.name" value="Java HotSpot(TM) 64-Bit Server VM"/>
    <property name="localRepository" value="C:\Users\FUBOFENG\.m2\repository"/>
    <property name="java.vendor.url.bug" value="http://bugreport.sun.com/bugreport/"/>
    <property name="java.io.tmpdir" value="C:\Users\FUBOFENG\AppData\Local\Temp\"/>
    <property name="idea.version" value="2018.2.7"/>
    <property name="java.version" value="1.8.0_371"/>
    <property name="user.dir" value="C:\Users\FUBOFENG\Desktop\me\javaEE\trans\springcloud-main\springcloud-gateway"/>
    <property name="os.arch" value="amd64"/>
    <property name="java.vm.specification.name" value="Java Virtual Machine Specification"/>
    <property name="java.awt.printerjob" value="sun.awt.windows.WPrinterJob"/>
    <property name="sun.os.patch.level" value=""/>
    <property name="java.library.path" value="D:\program files\Java\jdk-1.8\jre\bin;C:\WINDOWS\Sun\Java\bin;C:\WINDOWS\system32;C:\WINDOWS;D:\VMware\bin\;C:\Anaconda;C:\Anaconda\Scripts;C:\Program Files\Common Files\Oracle\Java\javapath;C:\Program Files (x86)\Common Files\Oracle\Java\javapath;C:\Windows\system32;C:\Windows;C:\Windows\System32\Wbem;C:\Windows\System32\WindowsPowerShell\v1.0\;C:\Windows\System32\OpenSSH\;C:\WINDOWS\system32;C:\WINDOWS;C:\WINDOWS\System32\Wbem;C:\WINDOWS\System32\WindowsPowerShell\v1.0\;C:\WINDOWS\System32\OpenSSH\;C:\Program Files\Java\jre1.8.0_291\bin;C:\;rogram Files\dotnet\;C:\Program Files\Microsoft SQL Server\130\Tools\Binn\;C:\Program Files\Microsoft SQL Server\Client SDK\ODBC\170\Tools\Binn\;D:\MySql8.0\mysql-8.0.19\bin;D:\program files\apache-maven-3.8.5\bin;C:\Program Files\Git\cmd;C:\Program Files\PuTTY\;D:\MongoDB\bin;C:\Program Files (x86)\NVIDIA Corporation\PhysX\Common;C:\Program Files\NVIDIA Corporation\NVIDIA NvDLISR;D:\CMake\bin;C:\Program Files (x86)\Tencent\微信web开发者工具\dll;D:\program files\node-js\;D:\program files\node-js\node_global\node_modules;D:\program files\matlab\bin;C:\Users\FUBOFENG\AppData\Local\Programs\Python\Python311\Scripts\;C:\Users\FUBOFENG\AppData\Local\Programs\Python\Python311\;C:\Users\FUBOFENG\AppData\Local\Programs\Python\Python310\Scripts\;C:\Users\FUBOFENG\AppData\Local\Programs\Python\Python310\;C:\Users\FUBOFENG\AppData\Local\Microsoft\WindowsApps;C:\Users\FUBOFENG\.dotnet\tools;D:\program files\idea\IntelliJ IDEA 2021.3.3\bin;;C:\Users\FUBOFENG\AppData\Local\Programs\Microsoft VS Code\bin;C:\ProgramData\FUBOFENG\GitHubDesktop\bin;C:\Users\FUBOFENG\AppData\Local\GitHubDesktop\bin;C:\Program Files\JetBrains\PyCharm Community Edition 2022.1.2\bin;;D:\MongoDB\bin;D:\mingw64\bin;D:\program files\node-js\node_global;;D:\program files\DevEco Studio\bin;;."/>
    <property name="java.vm.info" value="mixed mode"/>
    <property name="java.vendor" value="Oracle Corporation"/>
    <property name="java.vm.version" value="25.371-b11"/>
    <property name="java.specification.maintenance.version" value="4"/>
    <property name="java.ext.dirs" value="D:\program files\Java\jdk-1.8\jre\lib\ext;C:\WINDOWS\Sun\Java\lib\ext"/>
    <property name="sun.io.unicode.encoding" value="UnicodeLittle"/>
    <property name="java.class.version" value="52.0"/>
  </properties>
  <testcase name="context" classname="com.iaven.AppTest" time="0.004"/>
</testsuite>